<?xml version="1.0" encoding="UTF-8"?>
<!-- Generated by org.testng.reporters.JUnitReportReporter -->
<testsuite hostname="BDC6-LX-FMV1GC2" name="MavenIntegration.NewTest01" tests="1" failures="0" timestamp="26 Mar 2019 06:37:11 GMT" time="0.014" errors="0">
  <testcase name="f" time="0.014" classname="MavenIntegration.NewTest01"/>
</testsuite> <!-- MavenIntegration.NewTest01 -->
